#
# There is insufficient memory for the Java Runtime Environment to continue.
# Native memory allocation (malloc) failed to allocate 1062000 bytes for Chunk::new
# Possible reasons:
#   The system is out of physical RAM or swap space
#   In 32 bit mode, the process size limit was hit
# Possible solutions:
#   Reduce memory load on the system
#   Increase physical memory or swap space
#   Check if swap backing store is full
#   Use 64 bit Java on a 64 bit OS
#   Decrease Java heap size (-Xmx/-Xms)
#   Decrease number of Java threads
#   Decrease Java thread stack sizes (-Xss)
#   Set larger code cache with -XX:ReservedCodeCacheSize=
# This output file may be truncated or incomplete.
#
#  Out of Memory Error (allocation.cpp:390), pid=8244, tid=0x0000000000001404
#
# JRE version: OpenJDK Runtime Environment (8.0_152-b01) (build 1.8.0_152-release-1343-b01)
# Java VM: OpenJDK 64-Bit Server VM (25.152-b01 mixed mode windows-amd64 compressed oops)
# Failed to write core dump. Minidumps are not enabled by default on client versions of Windows
#

---------------  T H R E A D  ---------------

Current thread (0x0000000017987800):  JavaThread "C2 CompilerThread1" daemon [_thread_in_native, id=5124, stack(0x00000000192e0000,0x00000000193e0000)]

Stack: [0x00000000192e0000,0x00000000193e0000]
[error occurred during error reporting (printing stack bounds), id 0xc0000005]

Native frames: (J=compiled Java code, j=interpreted, Vv=VM code, C=native code)


Current CompileTask:
C2: 521945 20331       4       org.gradle.internal.graph.CachingDirectedGraphWalker::doSearch (659 bytes)


---------------  P R O C E S S  ---------------

Java Threads: ( => current thread )
  0x000000001ad02000 JavaThread "Cache worker for execution history cache (C:\Users\USUARIO2\AndroidStudioProjects\Eventos\.gradle\5.1.1\executionHistory)" [_thread_blocked, id=9720, stack(0x0000000028040000,0x0000000028140000)]
  0x000000001acfa000 JavaThread "Execution worker for ':' Thread 7" [_thread_in_native, id=7224, stack(0x000000001c6d0000,0x000000001c7d0000)]
  0x000000001e860000 JavaThread "Execution worker for ':' Thread 6" [_thread_blocked, id=4784, stack(0x0000000027df0000,0x0000000027ef0000)]
  0x000000001e862000 JavaThread "Execution worker for ':' Thread 5" [_thread_in_native, id=4368, stack(0x0000000027a20000,0x0000000027b20000)]
  0x000000001e863800 JavaThread "Execution worker for ':' Thread 4" [_thread_in_native, id=9508, stack(0x0000000027850000,0x0000000027950000)]
  0x000000001e861800 JavaThread "Execution worker for ':' Thread 3" [_thread_blocked, id=4344, stack(0x0000000027740000,0x0000000027840000)]
  0x000000001e85d000 JavaThread "Execution worker for ':' Thread 2" [_thread_in_native, id=6652, stack(0x0000000027220000,0x0000000027320000)]
  0x000000001e85f000 JavaThread "Execution worker for ':'" [_thread_in_native, id=3436, stack(0x0000000026670000,0x0000000026770000)]
  0x000000001ad08800 JavaThread "Cache worker for file content cache (C:\Users\USUARIO2\AndroidStudioProjects\Eventos\.gradle\5.1.1\fileContent)" [_thread_blocked, id=5164, stack(0x0000000026d50000,0x0000000026e50000)]
  0x000000001ad05800 JavaThread "Cache worker for Build Output Cleanup Cache (C:\Users\USUARIO2\AndroidStudioProjects\Eventos\.gradle\buildOutputCleanup)" [_thread_blocked, id=3732, stack(0x00000000237a0000,0x00000000238a0000)]
  0x000000001acfd800 JavaThread "Build operations Thread 8" [_thread_blocked, id=5088, stack(0x00000000270c0000,0x00000000271c0000)]
  0x000000001ad06000 JavaThread "Build operations Thread 7" [_thread_blocked, id=4380, stack(0x0000000024d70000,0x0000000024e70000)]
  0x000000001ad03000 JavaThread "Build operations Thread 6" [_thread_blocked, id=7668, stack(0x000000001d2a0000,0x000000001d3a0000)]
  0x000000001ad07000 JavaThread "Build operations Thread 5" [_thread_blocked, id=7636, stack(0x0000000024c40000,0x0000000024d40000)]
  0x000000001acfe800 JavaThread "Build operations Thread 4" [_thread_blocked, id=3548, stack(0x0000000024b40000,0x0000000024c40000)]
  0x0000000029db2800 JavaThread "Build operations Thread 3" [_thread_blocked, id=8240, stack(0x000000001d940000,0x000000001da40000)]
  0x0000000029db4000 JavaThread "Build operations Thread 2" [_thread_blocked, id=5700, stack(0x0000000024920000,0x0000000024a20000)]
  0x0000000029db3000 JavaThread "Build operations" [_thread_blocked, id=4492, stack(0x00000000236a0000,0x00000000237a0000)]
  0x0000000029db4800 JavaThread "Cache worker for cache directory md-rule (C:\Users\USUARIO2\.gradle\caches\5.1.1\md-rule)" [_thread_blocked, id=1332, stack(0x00000000235a0000,0x00000000236a0000)]
  0x0000000029db5800 JavaThread "Cache worker for cache directory md-supplier (C:\Users\USUARIO2\.gradle\caches\5.1.1\md-supplier)" [_thread_blocked, id=9652, stack(0x00000000197a0000,0x00000000198a0000)]
  0x0000000029db6000 JavaThread "Cache worker for file hash cache (C:\Users\USUARIO2\AndroidStudioProjects\Eventos\.gradle\5.1.1\fileHashes)" [_thread_blocked, id=5572, stack(0x0000000021b10000,0x0000000021c10000)]
  0x000000001f4c6000 JavaThread "Thread-92" [_thread_blocked, id=6708, stack(0x000000001ed80000,0x000000001ee80000)]
  0x000000001f4c0800 JavaThread "Stdin handler" [_thread_blocked, id=4532, stack(0x0000000021950000,0x0000000021a50000)]
  0x000000001f4c0000 JavaThread "Asynchronous log dispatcher for DefaultDaemonConnection: socket connection from /127.0.0.1:11013 to /127.0.0.1:11211" [_thread_blocked, id=5384, stack(0x000000001d1a0000,0x000000001d2a0000)]
  0x000000001f4c1800 JavaThread "Daemon worker Thread 2" [_thread_in_native, id=8368, stack(0x000000001cf20000,0x000000001d020000)]
  0x000000001f4c2000 JavaThread "Cancel handler" [_thread_blocked, id=9588, stack(0x000000001c4c0000,0x000000001c5c0000)]
  0x000000001f4c3000 JavaThread "Handler for socket connection from /127.0.0.1:11013 to /127.0.0.1:11211" [_thread_in_native, id=7284, stack(0x000000001cae0000,0x000000001cbe0000)]
  0x000000001f4c3800 JavaThread "Daemon Thread 2" [_thread_blocked, id=4504, stack(0x000000001ce10000,0x000000001cf10000)]
  0x000000001e863000 JavaThread "Cache worker for Java compile cache (C:\Users\USUARIO2\.gradle\caches\5.1.1\javaCompile)" [_thread_blocked, id=7504, stack(0x0000000028240000,0x0000000028340000)]
  0x0000000020c7b000 JavaThread "Cache worker for file content cache (C:\Users\USUARIO2\.gradle\caches\5.1.1\fileContent)" [_thread_blocked, id=1812, stack(0x0000000026c40000,0x0000000026d40000)]
  0x000000001e85d800 JavaThread "Memory manager" [_thread_blocked, id=4656, stack(0x0000000023400000,0x0000000023500000)]
  0x000000001acff000 JavaThread "Cache worker for execution history cache (C:\Users\USUARIO2\.gradle\caches\5.1.1\executionHistory)" [_thread_blocked, id=4048, stack(0x0000000021d20000,0x0000000021e20000)]
  0x000000001acf9000 JavaThread "Cache worker for journal cache (C:\Users\USUARIO2\.gradle\caches\journal-1)" [_thread_blocked, id=3572, stack(0x000000001da60000,0x000000001db60000)]
  0x000000001b559000 JavaThread "File lock request listener" [_thread_in_native, id=9484, stack(0x000000001d840000,0x000000001d940000)]
  0x000000001b549000 JavaThread "Cache worker for file hash cache (C:\Users\USUARIO2\.gradle\caches\5.1.1\fileHashes)" [_thread_blocked, id=6316, stack(0x000000001d690000,0x000000001d790000)]
  0x000000001aff2000 JavaThread "Daemon periodic checks" [_thread_blocked, id=5480, stack(0x000000001c990000,0x000000001ca90000)]
  0x0000000019fce000 JavaThread "Incoming local TCP Connector on port 11013" [_thread_in_native, id=9916, stack(0x000000001c7e0000,0x000000001c8e0000)]
  0x00000000179ba800 JavaThread "Service Thread" daemon [_thread_blocked, id=936, stack(0x0000000019690000,0x0000000019790000)]
  0x0000000017999800 JavaThread "C1 CompilerThread3" daemon [_thread_blocked, id=8632, stack(0x00000000191b0000,0x00000000192b0000)]
  0x0000000017993000 JavaThread "C2 CompilerThread2" daemon [_thread_blocked, id=2964, stack(0x00000000194b0000,0x00000000195b0000)]
=>0x0000000017987800 JavaThread "C2 CompilerThread1" daemon [_thread_in_native, id=5124, stack(0x00000000192e0000,0x00000000193e0000)]
  0x0000000017980000 JavaThread "C2 CompilerThread0" daemon [_thread_blocked, id=7548, stack(0x0000000018940000,0x0000000018a40000)]
  0x000000001797d000 JavaThread "Attach Listener" daemon [_thread_blocked, id=7028, stack(0x0000000018d40000,0x0000000018e40000)]
  0x000000001797c000 JavaThread "Signal Dispatcher" daemon [_thread_blocked, id=7076, stack(0x0000000019010000,0x0000000019110000)]
  0x00000000169dc000 JavaThread "Finalizer" daemon [_thread_blocked, id=8120, stack(0x0000000018e40000,0x0000000018f40000)]
  0x00000000169d5800 JavaThread "Reference Handler" daemon [_thread_blocked, id=6452, stack(0x0000000018c40000,0x0000000018d40000)]
  0x000000000228e800 JavaThread "main" [_thread_blocked, id=6352, stack(0x00000000024b0000,0x00000000025b0000)]

Other Threads:
  0x0000000017930800 VMThread [stack: 0x0000000018a40000,0x0000000018b40000] [id=7700]
  0x00000000179bd000 WatcherThread [stack: 0x00000000198a0000,0x00000000199a0000] [id=8692]

VM state:not at safepoint (normal execution)

VM Mutex/Monitor currently owned by a thread: None

Heap:
 PSYoungGen      total 419328K, used 312576K [0x00000000e0000000, 0x00000000ff080000, 0x0000000100000000)
  eden space 389120K, 80% used [0x00000000e0000000,0x00000000f31402a8,0x00000000f7c00000)
  from space 30208K, 0% used [0x00000000f7c00000,0x00000000f7c00000,0x00000000f9980000)
  to   space 28672K, 0% used [0x00000000fd480000,0x00000000fd480000,0x00000000ff080000)
 ParOldGen       total 159232K, used 51099K [0x00000000a0000000, 0x00000000a9b80000, 0x00000000e0000000)
  object space 159232K, 32% used [0x00000000a0000000,0x00000000a31e6e30,0x00000000a9b80000)
 Metaspace       used 93269K, capacity 97298K, committed 98840K, reserved 1134592K
  class space    used 11907K, capacity 12665K, committed 13080K, reserved 1048576K

Card table byte_map: [0x0000000011c40000,0x0000000011f50000] byte_map_base: 0x0000000011740000

Marking Bits: (ParMarkBitMap*) 0x0000000068ef5aa0
 Begin Bits: [0x0000000012cf0000, 0x00000000144f0000)
 End Bits:   [0x00000000144f0000, 0x0000000015cf0000)

Polling page: 0x0000000000240000

CodeCache: size=245760Kb used=49708Kb max_used=51788Kb free=196051Kb
 bounds [0x0000000002880000, 0x0000000005b70000, 0x0000000011880000]
 total_blobs=16823 nmethods=15938 adapters=796
 compilation: enabled

Compilation events (10 events):
Event: 521.869 Thread 0x0000000017980000 20379       4       com.google.common.collect.ImmutableSortedMap$1EntrySet::iterator (5 bytes)
Event: 521.872 Thread 0x0000000017980000 nmethod 20379 0x00000000056c9610 code [0x00000000056c9780, 0x00000000056c9998]
Event: 521.879 Thread 0x0000000017999800 20380       3       org.gradle.cache.internal.locklistener.DefaultFileLockContentionHandler::assertNotStopped (18 bytes)
Event: 521.879 Thread 0x0000000017999800 nmethod 20380 0x00000000038d4750 code [0x00000000038d48c0, 0x00000000038d4b28]
Event: 521.879 Thread 0x0000000017999800 20381       3       org.gradle.cache.internal.DefaultFileLockManager$ExponentialBackoff::<init> (6 bytes)
Event: 521.879 Thread 0x0000000017999800 nmethod 20381 0x00000000054d2ad0 code [0x00000000054d2c40, 0x00000000054d2dc8]
Event: 521.879 Thread 0x0000000017999800 20382       3       org.gradle.cache.internal.DefaultFileLockManager$ExponentialBackoff::<init> (36 bytes)
Event: 521.880 Thread 0x0000000017999800 nmethod 20382 0x00000000046faf10 code [0x00000000046fb160, 0x00000000046fc078]
Event: 521.884 Thread 0x0000000017993000 20383       4       sun.security.provider.DigestBase::clone (24 bytes)
Event: 521.886 Thread 0x0000000017993000 nmethod 20383 0x00000000054d2550 code [0x00000000054d26a0, 0x00000000054d2948]

GC Heap History (10 events):
Event: 130.265 GC heap before
{Heap before GC invocations=27 (full 3):
 PSYoungGen      total 289792K, used 275614K [0x00000000e0000000, 0x00000000f7180000, 0x0000000100000000)
  eden space 267264K, 100% used [0x00000000e0000000,0x00000000f0500000,0x00000000f0500000)
  from space 22528K, 37% used [0x00000000f0500000,0x00000000f0d27b10,0x00000000f1b00000)
  to   space 22016K, 0% used [0x00000000f5c00000,0x00000000f5c00000,0x00000000f7180000)
 ParOldGen       total 110080K, used 66735K [0x00000000a0000000, 0x00000000a6b80000, 0x00000000e0000000)
  object space 110080K, 60% used [0x00000000a0000000,0x00000000a412bd28,0x00000000a6b80000)
 Metaspace       used 83628K, capacity 88240K, committed 88472K, reserved 1126400K
  class space    used 10995K, capacity 11860K, committed 11928K, reserved 1048576K
Event: 130.287 GC heap after
Heap after GC invocations=27 (full 3):
 PSYoungGen      total 356864K, used 5317K [0x00000000e0000000, 0x00000000f7300000, 0x0000000100000000)
  eden space 334848K, 0% used [0x00000000e0000000,0x00000000e0000000,0x00000000f4700000)
  from space 22016K, 24% used [0x00000000f5c00000,0x00000000f61317f8,0x00000000f7180000)
  to   space 21504K, 0% used [0x00000000f4700000,0x00000000f4700000,0x00000000f5c00000)
 ParOldGen       total 110080K, used 72140K [0x00000000a0000000, 0x00000000a6b80000, 0x00000000e0000000)
  object space 110080K, 65% used [0x00000000a0000000,0x00000000a4673348,0x00000000a6b80000)
 Metaspace       used 83628K, capacity 88240K, committed 88472K, reserved 1126400K
  class space    used 10995K, capacity 11860K, committed 11928K, reserved 1048576K
}
Event: 130.750 GC heap before
{Heap before GC invocations=28 (full 3):
 PSYoungGen      total 356864K, used 340165K [0x00000000e0000000, 0x00000000f7300000, 0x0000000100000000)
  eden space 334848K, 100% used [0x00000000e0000000,0x00000000f4700000,0x00000000f4700000)
  from space 22016K, 24% used [0x00000000f5c00000,0x00000000f61317f8,0x00000000f7180000)
  to   space 21504K, 0% used [0x00000000f4700000,0x00000000f4700000,0x00000000f5c00000)
 ParOldGen       total 110080K, used 72140K [0x00000000a0000000, 0x00000000a6b80000, 0x00000000e0000000)
  object space 110080K, 65% used [0x00000000a0000000,0x00000000a4673348,0x00000000a6b80000)
 Metaspace       used 83957K, capacity 88652K, committed 88728K, reserved 1126400K
  class space    used 11003K, capacity 11896K, committed 11928K, reserved 1048576K
Event: 130.766 GC heap after
Heap after GC invocations=28 (full 3):
 PSYoungGen      total 356352K, used 5448K [0x00000000e0000000, 0x00000000fae00000, 0x0000000100000000)
  eden space 334848K, 0% used [0x00000000e0000000,0x00000000e0000000,0x00000000f4700000)
  from space 21504K, 25% used [0x00000000f4700000,0x00000000f4c52210,0x00000000f5c00000)
  to   space 20992K, 0% used [0x00000000f9980000,0x00000000f9980000,0x00000000fae00000)
 ParOldGen       total 110080K, used 73344K [0x00000000a0000000, 0x00000000a6b80000, 0x00000000e0000000)
  object space 110080K, 66% used [0x00000000a0000000,0x00000000a47a00a0,0x00000000a6b80000)
 Metaspace       used 83957K, capacity 88652K, committed 88728K, reserved 1126400K
  class space    used 11003K, capacity 11896K, committed 11928K, reserved 1048576K
}
Event: 132.139 GC heap before
{Heap before GC invocations=29 (full 3):
 PSYoungGen      total 356352K, used 340296K [0x00000000e0000000, 0x00000000fae00000, 0x0000000100000000)
  eden space 334848K, 100% used [0x00000000e0000000,0x00000000f4700000,0x00000000f4700000)
  from space 21504K, 25% used [0x00000000f4700000,0x00000000f4c52210,0x00000000f5c00000)
  to   space 20992K, 0% used [0x00000000f9980000,0x00000000f9980000,0x00000000fae00000)
 ParOldGen       total 110080K, used 73344K [0x00000000a0000000, 0x00000000a6b80000, 0x00000000e0000000)
  object space 110080K, 66% used [0x00000000a0000000,0x00000000a47a00a0,0x00000000a6b80000)
 Metaspace       used 84775K, capacity 89516K, committed 89624K, reserved 1126400K
  class space    used 11065K, capacity 11956K, committed 12056K, reserved 1048576K
Event: 132.174 GC heap after
Heap after GC invocations=29 (full 3):
 PSYoungGen      total 410112K, used 20987K [0x00000000e0000000, 0x00000000fbd00000, 0x0000000100000000)
  eden space 389120K, 0% used [0x00000000e0000000,0x00000000e0000000,0x00000000f7c00000)
  from space 20992K, 99% used [0x00000000f9980000,0x00000000fadfec50,0x00000000fae00000)
  to   space 30208K, 0% used [0x00000000f7c00000,0x00000000f7c00000,0x00000000f9980000)
 ParOldGen       total 110080K, used 88809K [0x00000000a0000000, 0x00000000a6b80000, 0x00000000e0000000)
  object space 110080K, 80% used [0x00000000a0000000,0x00000000a56ba470,0x00000000a6b80000)
 Metaspace       used 84775K, capacity 89516K, committed 89624K, reserved 1126400K
  class space    used 11065K, capacity 11956K, committed 12056K, reserved 1048576K
}
Event: 196.270 GC heap before
{Heap before GC invocations=30 (full 3):
 PSYoungGen      total 410112K, used 410107K [0x00000000e0000000, 0x00000000fbd00000, 0x0000000100000000)
  eden space 389120K, 100% used [0x00000000e0000000,0x00000000f7c00000,0x00000000f7c00000)
  from space 20992K, 99% used [0x00000000f9980000,0x00000000fadfec50,0x00000000fae00000)
  to   space 30208K, 0% used [0x00000000f7c00000,0x00000000f7c00000,0x00000000f9980000)
 ParOldGen       total 110080K, used 88809K [0x00000000a0000000, 0x00000000a6b80000, 0x00000000e0000000)
  object space 110080K, 80% used [0x00000000a0000000,0x00000000a56ba470,0x00000000a6b80000)
 Metaspace       used 86894K, capacity 91880K, committed 92184K, reserved 1128448K
  class space    used 11326K, capacity 12190K, committed 12312K, reserved 1048576K
Event: 196.285 GC heap after
Heap after GC invocations=30 (full 3):
 PSYoungGen      total 419328K, used 9462K [0x00000000e0000000, 0x00000000ff080000, 0x0000000100000000)
  eden space 389120K, 0% used [0x00000000e0000000,0x00000000e0000000,0x00000000f7c00000)
  from space 30208K, 31% used [0x00000000f7c00000,0x00000000f853d810,0x00000000f9980000)
  to   space 28672K, 0% used [0x00000000fd480000,0x00000000fd480000,0x00000000ff080000)
 ParOldGen       total 110080K, used 101841K [0x00000000a0000000, 0x00000000a6b80000, 0x00000000e0000000)
  object space 110080K, 92% used [0x00000000a0000000,0x00000000a63747b8,0x00000000a6b80000)
 Metaspace       used 86894K, capacity 91880K, committed 92184K, reserved 1128448K
  class space    used 11326K, capacity 12190K, committed 12312K, reserved 1048576K
}
Event: 196.285 GC heap before
{Heap before GC invocations=31 (full 4):
 PSYoungGen      total 419328K, used 9462K [0x00000000e0000000, 0x00000000ff080000, 0x0000000100000000)
  eden space 389120K, 0% used [0x00000000e0000000,0x00000000e0000000,0x00000000f7c00000)
  from space 30208K, 31% used [0x00000000f7c00000,0x00000000f853d810,0x00000000f9980000)
  to   space 28672K, 0% used [0x00000000fd480000,0x00000000fd480000,0x00000000ff080000)
 ParOldGen       total 110080K, used 101841K [0x00000000a0000000, 0x00000000a6b80000, 0x00000000e0000000)
  object space 110080K, 92% used [0x00000000a0000000,0x00000000a63747b8,0x00000000a6b80000)
 Metaspace       used 86894K, capacity 91880K, committed 92184K, reserved 1128448K
  class space    used 11326K, capacity 12190K, committed 12312K, reserved 1048576K
Event: 196.389 GC heap after
Heap after GC invocations=31 (full 4):
 PSYoungGen      total 419328K, used 0K [0x00000000e0000000, 0x00000000ff080000, 0x0000000100000000)
  eden space 389120K, 0% used [0x00000000e0000000,0x00000000e0000000,0x00000000f7c00000)
  from space 30208K, 0% used [0x00000000f7c00000,0x00000000f7c00000,0x00000000f9980000)
  to   space 28672K, 0% used [0x00000000fd480000,0x00000000fd480000,0x00000000ff080000)
 ParOldGen       total 159232K, used 51099K [0x00000000a0000000, 0x00000000a9b80000, 0x00000000e0000000)
  object space 159232K, 32% used [0x00000000a0000000,0x00000000a31e6e30,0x00000000a9b80000)
 Metaspace       used 86324K, capacity 90352K, committed 92184K, reserved 1128448K
  class space    used 11131K, capacity 11852K, committed 12312K, reserved 1048576K
}

Deoptimization events (10 events):
Event: 520.980 Thread 0x000000001f4c3000 Uncommon trap: reason=class_check action=maybe_recompile pc=0x00000000041150e0 method=java.lang.reflect.Array.newInstance(Ljava/lang/Class;I)Ljava/lang/Object; @ 2
Event: 521.018 Thread 0x000000001f4c1800 Uncommon trap: reason=array_check action=maybe_recompile pc=0x0000000005297a50 method=com.google.common.collect.ImmutableSet.construct(I[Ljava/lang/Object;)Lcom/google/common/collect/ImmutableSet; @ 122
Event: 521.019 Thread 0x000000001f4c1800 Uncommon trap: reason=array_check action=maybe_recompile pc=0x0000000005297a50 method=com.google.common.collect.ImmutableSet.construct(I[Ljava/lang/Object;)Lcom/google/common/collect/ImmutableSet; @ 122
Event: 521.019 Thread 0x000000001f4c1800 Uncommon trap: reason=array_check action=maybe_recompile pc=0x0000000005297a50 method=com.google.common.collect.ImmutableSet.construct(I[Ljava/lang/Object;)Lcom/google/common/collect/ImmutableSet; @ 122
Event: 521.019 Thread 0x000000001f4c1800 Uncommon trap: reason=array_check action=maybe_recompile pc=0x0000000005297a50 method=com.google.common.collect.ImmutableSet.construct(I[Ljava/lang/Object;)Lcom/google/common/collect/ImmutableSet; @ 122
Event: 521.376 Thread 0x000000001f4c1800 Uncommon trap: reason=speculate_class_check action=maybe_recompile pc=0x0000000005573360 method=java.util.EnumMap.containsKey(Ljava/lang/Object;)Z @ 13
Event: 521.376 Thread 0x000000001f4c1800 Uncommon trap: reason=unstable_if action=reinterpret pc=0x0000000003474a54 method=java.util.HashMap$EntrySpliterator.forEachRemaining(Ljava/util/function/Consumer;)V @ 75
Event: 521.376 Thread 0x000000001f4c1800 Uncommon trap: reason=speculate_class_check action=maybe_recompile pc=0x0000000005573360 method=java.util.EnumMap.containsKey(Ljava/lang/Object;)Z @ 13
Event: 521.377 Thread 0x000000001f4c1800 Uncommon trap: reason=speculate_class_check action=maybe_recompile pc=0x0000000005573360 method=java.util.EnumMap.containsKey(Ljava/lang/Object;)Z @ 13
Event: 521.377 Thread 0x000000001f4c1800 Uncommon trap: reason=speculate_class_check action=maybe_recompile pc=0x0000000005573360 method=java.util.EnumMap.containsKey(Ljava/lang/Object;)Z @ 13

Classes redefined (0 events):
No events

Internal exceptions (10 events):
Event: 210.649 Thread 0x0000000020c75800 Exception <a 'sun/nio/fs/WindowsException'> (0x00000000ed6f66c0) thrown at [D:\src\AOSP-openjdk-cygwin\jdk8u\hotspot\src\share\vm\prims\jni.cpp, line 709]
Event: 210.650 Thread 0x0000000020c75800 Exception <a 'sun/nio/fs/WindowsException'> (0x00000000ed77ddb0) thrown at [D:\src\AOSP-openjdk-cygwin\jdk8u\hotspot\src\share\vm\prims\jni.cpp, line 709]
Event: 210.651 Thread 0x0000000020c75800 Exception <a 'sun/nio/fs/WindowsException'> (0x00000000ed7c3e70) thrown at [D:\src\AOSP-openjdk-cygwin\jdk8u\hotspot\src\share\vm\prims\jni.cpp, line 709]
Event: 210.652 Thread 0x0000000020c75800 Exception <a 'sun/nio/fs/WindowsException'> (0x00000000ed7cb6e8) thrown at [D:\src\AOSP-openjdk-cygwin\jdk8u\hotspot\src\share\vm\prims\jni.cpp, line 709]
Event: 210.653 Thread 0x0000000020c75800 Exception <a 'sun/nio/fs/WindowsException'> (0x00000000ed8533f0) thrown at [D:\src\AOSP-openjdk-cygwin\jdk8u\hotspot\src\share\vm\prims\jni.cpp, line 709]
Event: 211.008 Thread 0x0000000020c78800 Exception <a 'sun/nio/fs/WindowsException'> (0x00000000ede32110) thrown at [D:\src\AOSP-openjdk-cygwin\jdk8u\hotspot\src\share\vm\prims\jni.cpp, line 709]
Event: 211.020 Thread 0x0000000020c7a000 Implicit null exception at 0x00000000051d1541 to 0x00000000051d739d
Event: 211.022 Thread 0x0000000020c7a000 Exception <a 'sun/nio/fs/WindowsException'> (0x00000000ee3c5098) thrown at [D:\src\AOSP-openjdk-cygwin\jdk8u\hotspot\src\share\vm\prims\jni.cpp, line 709]
Event: 521.252 Thread 0x000000001f4c1800 Exception <a 'sun/nio/fs/WindowsException'> (0x00000000f1552c80) thrown at [D:\src\AOSP-openjdk-cygwin\jdk8u\hotspot\src\share\vm\prims\jni.cpp, line 709]
Event: 521.376 Thread 0x000000001f4c1800 Implicit null exception at 0x0000000003474792 to 0x0000000003474a2d

Events (10 events):
Event: 521.581 Thread 0x000000001e862000 Thread added: 0x000000001e862000
Event: 521.581 Thread 0x000000001e860000 Thread added: 0x000000001e860000
Event: 521.581 Thread 0x000000001acfa000 Thread added: 0x000000001acfa000
Event: 521.582 Thread 0x000000001ad02000 Thread added: 0x000000001ad02000
Event: 521.583 Executing VM operation: RevokeBias
Event: 521.583 Executing VM operation: RevokeBias done
Event: 521.615 Executing VM operation: RevokeBias
Event: 521.616 Executing VM operation: RevokeBias done
Event: 521.616 Executing VM operation: RevokeBias
Event: 521.616 Executing VM operation: RevokeBias done


Dynamic libraries:
0x000000013f760000 - 0x000000013f791000 	C:\Program Files\Android\Android Studio\jre\bin\java.exe
0x0000000076f60000 - 0x00000000770ff000 	C:\Windows\SYSTEM32\ntdll.dll
0x000007feed020000 - 0x000007feed034000 	C:\Program Files\AVAST Software\Avast\aswhook.dll
0x0000000076e40000 - 0x0000000076f5f000 	C:\Windows\system32\kernel32.dll
0x000007fefcdf0000 - 0x000007fefce57000 	C:\Windows\system32\KERNELBASE.dll
0x000007fefebd0000 - 0x000007fefecab000 	C:\Windows\system32\ADVAPI32.dll
0x000007fefd2f0000 - 0x000007fefd38f000 	C:\Windows\system32\msvcrt.dll
0x000007fefe8a0000 - 0x000007fefe8bf000 	C:\Windows\SYSTEM32\sechost.dll
0x000007fefeee0000 - 0x000007feff00c000 	C:\Windows\system32\RPCRT4.dll
0x0000000076d40000 - 0x0000000076e3a000 	C:\Windows\system32\USER32.dll
0x000007fefe380000 - 0x000007fefe3e7000 	C:\Windows\system32\GDI32.dll
0x000007fefe370000 - 0x000007fefe37e000 	C:\Windows\system32\LPK.dll
0x000007fefe8f0000 - 0x000007fefe9bb000 	C:\Windows\system32\USP10.dll
0x000007fefb6a0000 - 0x000007fefb895000 	C:\Windows\WinSxS\amd64_microsoft.windows.common-controls_6595b64144ccf1df_6.0.7601.24483_none_e372d88f30fbb845\COMCTL32.dll
0x000007fefd470000 - 0x000007fefd4e1000 	C:\Windows\system32\SHLWAPI.dll
0x000007fefe8c0000 - 0x000007fefe8ee000 	C:\Windows\system32\IMM32.DLL
0x000007fefd140000 - 0x000007fefd24b000 	C:\Windows\system32\MSCTF.dll
0x000000006e4a0000 - 0x000000006e572000 	C:\Program Files\Android\Android Studio\jre\jre\bin\msvcr100.dll
0x0000000068730000 - 0x0000000068f71000 	C:\Program Files\Android\Android Studio\jre\jre\bin\server\jvm.dll
0x000007fef92a0000 - 0x000007fef92a9000 	C:\Windows\system32\WSOCK32.dll
0x000007fefe280000 - 0x000007fefe2cd000 	C:\Windows\system32\WS2_32.dll
0x000007fefeed0000 - 0x000007fefeed8000 	C:\Windows\system32\NSI.dll
0x000007fefa6d0000 - 0x000007fefa70b000 	C:\Windows\system32\WINMM.dll
0x000007fefbb90000 - 0x000007fefbb9c000 	C:\Windows\system32\VERSION.dll
0x0000000077110000 - 0x0000000077117000 	C:\Windows\system32\PSAPI.DLL
0x000007fefbb20000 - 0x000007fefbb2f000 	C:\Program Files\Android\Android Studio\jre\jre\bin\verify.dll
0x000007fefa2b0000 - 0x000007fefa2d9000 	C:\Program Files\Android\Android Studio\jre\jre\bin\java.dll
0x000007fef16a0000 - 0x000007fef16b6000 	C:\Program Files\Android\Android Studio\jre\jre\bin\zip.dll
0x000007fefd4f0000 - 0x000007fefe27b000 	C:\Windows\system32\SHELL32.dll
0x000007fefecb0000 - 0x000007fefeeaf000 	C:\Windows\system32\ole32.dll
0x000007fefcac0000 - 0x000007fefcacf000 	C:\Windows\system32\profapi.dll
0x000007fef1680000 - 0x000007fef169a000 	C:\Program Files\Android\Android Studio\jre\jre\bin\net.dll
0x000007fefc230000 - 0x000007fefc285000 	C:\Windows\system32\mswsock.dll
0x000007fefc220000 - 0x000007fefc227000 	C:\Windows\System32\wship6.dll
0x000007fef0e90000 - 0x000007fef0ea1000 	C:\Program Files\Android\Android Studio\jre\jre\bin\nio.dll
0x000007fee1cc0000 - 0x000007fee1cde000 	C:\Users\USUARIO2\.gradle\native\25\windows-amd64\native-platform.dll
0x000007fefbb50000 - 0x000007fefbb5d000 	C:\Program Files\Android\Android Studio\jre\jre\bin\management.dll
0x000007fefc290000 - 0x000007fefc2a8000 	C:\Windows\system32\CRYPTSP.dll
0x000007fefbf50000 - 0x000007fefbf97000 	C:\Windows\system32\rsaenh.dll
0x000007fefcb80000 - 0x000007fefcb9f000 	C:\Windows\system32\USERENV.dll
0x000007fefc950000 - 0x000007fefc95f000 	C:\Windows\system32\CRYPTBASE.dll
0x000007fef9c60000 - 0x000007fef9c87000 	C:\Windows\system32\IPHLPAPI.DLL
0x000007fef9c40000 - 0x000007fef9c4b000 	C:\Windows\system32\WINNSI.DLL
0x000007fef9650000 - 0x000007fef9661000 	C:\Windows\system32\dhcpcsvc6.DLL
0x000007fef9ac0000 - 0x000007fef9ad8000 	C:\Windows\system32\dhcpcsvc.DLL
0x000007fefc8f0000 - 0x000007fefc947000 	C:\Windows\system32\apphelp.dll

VM Arguments:
jvm_args: -Xmx1536m -Dfile.encoding=windows-1252 -Duser.country=BR -Duser.language=pt -Duser.variant 
java_command: org.gradle.launcher.daemon.bootstrap.GradleDaemon 5.1.1
java_class_path (initial): C:\Users\USUARIO2\.gradle\wrapper\dists\gradle-5.1.1-all\97z1ksx6lirer3kbvdnh7jtjg\gradle-5.1.1\lib\gradle-launcher-5.1.1.jar
Launcher Type: SUN_STANDARD

Environment Variables:
PATH=C:\Program Files (x86)\Razer Chroma SDK\bin;C:\Program Files\Razer Chroma SDK\bin;C:\Program Files (x86)\WinRAR
USERNAME=USUARIO2
OS=Windows_NT
PROCESSOR_IDENTIFIER=Intel64 Family 6 Model 58 Stepping 9, GenuineIntel



---------------  S Y S T E M  ---------------

OS: Windows 7 , 64 bit Build 7601 (6.1.7601.24520)

CPU:total 8 (initial active 8) (4 cores per cpu, 2 threads per core) family 6 model 58 stepping 9, cmov, cx8, fxsr, mmx, sse, sse2, sse3, ssse3, sse4.1, sse4.2, popcnt, avx, aes, clmul, erms, ht, tsc, tscinvbit, tscinv

Memory: 4k page, physical 8332436k(2015848k free), swap 8330536k(5540k free)

vm_info: OpenJDK 64-Bit Server VM (25.152-b01) for windows-amd64 JRE (1.8.0_152-release-1343-b01), built by "builder" with MS VC++ 10.0 (VS2010)

time: Thu Nov 21 14:46:26 2019
elapsed time: 521 seconds (0d 0h 8m 41s)

